<?xml version="1.0" encoding="UTF-8"?>
<!-- Generated by org.testng.reporters.JUnitReportReporter -->
<testsuite hostname="NITHIYAPRASAD" failures="0" tests="2" name="PageRunner.SiteNavigationRunner" time="73.146" errors="0" timestamp="2023-10-03T18:41:21 IST" skipped="0">
  <testcase classname="PageRunner.SiteNavigationRunner" name="survey_window" time="30.169"/>
  <testcase classname="PageRunner.SiteNavigationRunner" name="CheckCountry" time="42.977"/>
</testsuite> <!-- PageRunner.SiteNavigationRunner -->
