<?xml version="1.0" encoding="UTF-8"?>
<!-- Generated by org.testng.reporters.JUnitReportReporter -->
<testsuite hostname="NITHIYAPRASAD" failures="0" tests="2" name="PageRunner.AccountCreationRunner" time="65.812" errors="0" timestamp="2023-10-03T18:41:21 IST" skipped="0">
  <testcase classname="PageRunner.AccountCreationRunner" name="clickAccountCreation" time="1.176"/>
  <testcase classname="PageRunner.AccountCreationRunner" name="validateAccountPopup" time="64.636"/>
</testsuite> <!-- PageRunner.AccountCreationRunner -->
