<?xml version="1.0" encoding="UTF-8"?>
<!-- Generated by org.testng.reporters.JUnitReportReporter -->
<testsuite hostname="NITHIYAPRASAD" failures="0" tests="2" name="PageRunner.LoginRunner" time="1070.945" errors="0" timestamp="2023-10-04T22:26:00 IST" skipped="0">
  <testcase classname="PageRunner.LoginRunner" name="validLoginDetails" time="1048.239"/>
  <testcase classname="PageRunner.LoginRunner" name="loginPage" time="22.706"/>
</testsuite> <!-- PageRunner.LoginRunner -->
