<?xml version="1.0" encoding="UTF-8"?>
<!-- Generated by org.testng.reporters.JUnitReportReporter -->
<testsuite hostname="NITHIYAPRASAD" failures="0" tests="2" name="PageRunner.SiteNavigationRunner" time="41.714" errors="0" timestamp="2023-10-03T15:55:20 IST" skipped="0">
  <testcase classname="PageRunner.SiteNavigationRunner" name="survey_window" time="30.279"/>
  <testcase classname="PageRunner.SiteNavigationRunner" name="CheckCountry" time="11.435"/>
</testsuite> <!-- PageRunner.SiteNavigationRunner -->
