<?xml version="1.0" encoding="UTF-8"?>
<!-- Generated by org.testng.reporters.JUnitReportReporter -->
<testsuite hostname="NITHIYAPRASAD" failures="0" tests="7" name="PageRunner.SignupRunner" time="75.991" errors="0" timestamp="2023-10-02T22:37:07 IST" skipped="0">
  <testcase classname="PageRunner.SignupRunner" name="SignUpValidation" time="0.398"/>
  <testcase classname="PageRunner.SignupRunner" name="blankRegistration" time="1.398"/>
  <testcase classname="PageRunner.SignupRunner" name="invalidFirstName" time="5.551"/>
  <testcase classname="PageRunner.SignupRunner" name="invalidLastName" time="9.404"/>
  <testcase classname="PageRunner.SignupRunner" name="validEmailandRegisterForm" time="5.428"/>
  <testcase classname="PageRunner.SignupRunner" name="validFnamelNameEmailandRegisterForm" time="8.509"/>
  <testcase classname="PageRunner.SignupRunner" name="ValidateAllFields" time="45.303"/>
</testsuite> <!-- PageRunner.SignupRunner -->
