<?xml version="1.0" encoding="UTF-8"?>
<!-- Generated by org.testng.reporters.JUnitReportReporter -->
<testsuite hostname="NITHIYAPRASAD" failures="0" tests="2" name="PageRunner.SiteNavigationRunner" time="47.970" errors="0" timestamp="2023-10-03T16:44:26 IST" skipped="0">
  <testcase classname="PageRunner.SiteNavigationRunner" name="CheckCountry" time="17.816"/>
  <testcase classname="PageRunner.SiteNavigationRunner" name="survey_window" time="30.154"/>
</testsuite> <!-- PageRunner.SiteNavigationRunner -->
