<?xml version="1.0" encoding="UTF-8"?>
<!-- Generated by org.testng.reporters.JUnitReportReporter -->
<testsuite hostname="NITHIYAPRASAD" failures="0" tests="2" name="PageRunner.HomePageNavigationrunner" time="218.057" errors="0" timestamp="2023-10-03T18:41:21 IST" skipped="0">
  <testcase classname="PageRunner.HomePageNavigationrunner" name="HomePageMenuLinks" time="112.340"/>
  <testcase classname="PageRunner.HomePageNavigationrunner" name="BottomPageLinks" time="105.717"/>
</testsuite> <!-- PageRunner.HomePageNavigationrunner -->
