<?xml version="1.0" encoding="UTF-8"?>
<!-- Generated by org.testng.reporters.JUnitReportReporter -->
<testsuite hostname="NITHIYAPRASAD" failures="0" tests="2" name="PageRunner.AccountCreationRunner" time="5.822" errors="0" timestamp="2023-10-04T22:26:00 IST" skipped="0">
  <testcase classname="PageRunner.AccountCreationRunner" name="validateAccountPopup" time="5.196"/>
  <testcase classname="PageRunner.AccountCreationRunner" name="clickAccountCreation" time="0.626"/>
</testsuite> <!-- PageRunner.AccountCreationRunner -->
