<?xml version="1.0" encoding="UTF-8"?>
<!-- Generated by org.testng.reporters.JUnitReportReporter -->
<testsuite hostname="NITHIYAPRASAD" failures="0" tests="2" name="PageRunner.LoginRunner" time="23.302" errors="0" timestamp="2023-10-03T18:41:21 IST" skipped="0">
  <testcase classname="PageRunner.LoginRunner" name="loginPage" time="16.188"/>
  <testcase classname="PageRunner.LoginRunner" name="validLoginDetails" time="7.114"/>
</testsuite> <!-- PageRunner.LoginRunner -->
