<?xml version="1.0" encoding="UTF-8"?>
<!-- Generated by org.testng.reporters.JUnitReportReporter -->
<testsuite hostname="NITHIYAPRASAD" failures="0" tests="2" name="PageRunner.SiteNavigationRunner" time="43.090" errors="0" timestamp="2023-10-04T22:26:00 IST" skipped="0">
  <testcase classname="PageRunner.SiteNavigationRunner" name="CheckCountry" time="12.975"/>
  <testcase classname="PageRunner.SiteNavigationRunner" name="survey_window" time="30.115"/>
</testsuite> <!-- PageRunner.SiteNavigationRunner -->
