<?xml version="1.0" encoding="UTF-8"?>
<!-- Generated by org.testng.reporters.JUnitReportReporter -->
<testsuite hostname="NITHIYAPRASAD" failures="0" tests="2" name="PageRunner.AccountCreationRunner" time="4.707" errors="0" timestamp="2023-10-03T12:25:28 IST" skipped="0">
  <testcase classname="PageRunner.AccountCreationRunner" name="validateAccountPopup" time="4.401"/>
  <testcase classname="PageRunner.AccountCreationRunner" name="clickAccountCreation" time="0.306"/>
</testsuite> <!-- PageRunner.AccountCreationRunner -->
