<?xml version="1.0" encoding="UTF-8"?>
<!-- Generated by org.testng.reporters.JUnitReportReporter -->
<testsuite hostname="V25CD228CRT9" failures="0" tests="1" name="BestBuy.BrowserOpen" time="0.015" errors="0" timestamp="2023-10-01T16:27:23 IST" skipped="0">
  <testcase classname="BestBuy.BrowserOpen" name="test" time="0.015"/>
</testsuite> <!-- BestBuy.BrowserOpen -->
