<?xml version="1.0" encoding="UTF-8"?>
<!-- Generated by org.testng.reporters.JUnitReportReporter -->
<testsuite hostname="NITHIYAPRASAD" failures="0" tests="2" name="PageRunner.AccountCreationRunner" time="8.068" errors="0" timestamp="2023-10-02T22:37:07 IST" skipped="0">
  <testcase classname="PageRunner.AccountCreationRunner" name="validateAccountPopup" time="7.161"/>
  <testcase classname="PageRunner.AccountCreationRunner" name="clickAccountCreation" time="0.907"/>
</testsuite> <!-- PageRunner.AccountCreationRunner -->
