<?xml version="1.0" encoding="UTF-8"?>
<!-- Generated by org.testng.reporters.JUnitReportReporter -->
<testsuite hostname="NITHIYAPRASAD" failures="0" tests="2" name="BestBuy.SiteNavigation" time="18.378" errors="0" timestamp="2023-10-02T00:41:11 IST" skipped="0">
  <testcase classname="BestBuy.SiteNavigation" name="CheckCountry" time="7.677"/>
  <testcase classname="BestBuy.SiteNavigation" name="checkURLBroken" time="10.701"/>
</testsuite> <!-- BestBuy.SiteNavigation -->
