<?xml version="1.0" encoding="UTF-8"?>
<!-- Generated by org.testng.reporters.JUnitReportReporter -->
<testsuite hostname="NITHIYAPRASAD" failures="0" tests="1" name="PageRunner.HomePageNavigationrunner" time="100.039" errors="0" timestamp="2023-10-03T11:00:24 IST" skipped="0">
  <testcase classname="PageRunner.HomePageNavigationrunner" name="BottomPageLinks" time="100.039"/>
</testsuite> <!-- PageRunner.HomePageNavigationrunner -->
