<?xml version="1.0" encoding="UTF-8"?>
<!-- Generated by org.testng.reporters.JUnitReportReporter -->
<testsuite hostname="NITHIYAPRASAD" failures="0" tests="2" name="PageRunner.PageSearchRunner" time="119.088" errors="0" timestamp="2023-10-03T18:41:21 IST" skipped="0">
  <testcase classname="PageRunner.PageSearchRunner" name="SearchData" time="22.556"/>
  <testcase classname="PageRunner.PageSearchRunner" name="AddToCart" time="96.532"/>
</testsuite> <!-- PageRunner.PageSearchRunner -->
