<?xml version="1.0" encoding="UTF-8"?>
<!-- Generated by org.testng.reporters.JUnitReportReporter -->
<testsuite hostname="NITHIYAPRASAD" failures="0" tests="3" name="BestBuy.BrowserQuit" time="31.234" errors="0" timestamp="2023-10-01T21:59:08 IST" skipped="0">
  <testcase classname="BestBuy.BrowserQuit" name="test" time="6.016"/>
  <testcase classname="BestBuy.BrowserQuit" name="CheckCountry" time="10.822"/>
  <testcase classname="BestBuy.BrowserQuit" name="checkURLBroken" time="14.396"/>
</testsuite> <!-- BestBuy.BrowserQuit -->
