<?xml version="1.0" encoding="UTF-8"?>
<!-- Generated by org.testng.reporters.JUnitReportReporter -->
<testsuite hostname="NITHIYAPRASAD" failures="0" tests="2" name="PageRunner.SiteNavigationRunner" time="45.141" errors="0" timestamp="2023-10-02T22:37:07 IST" skipped="0">
  <testcase classname="PageRunner.SiteNavigationRunner" name="CheckCountry" time="15.084"/>
  <testcase classname="PageRunner.SiteNavigationRunner" name="survey_window" time="30.057"/>
</testsuite> <!-- PageRunner.SiteNavigationRunner -->
