<?xml version="1.0" encoding="UTF-8"?>
<!-- Generated by org.testng.reporters.JUnitReportReporter -->
<testsuite hostname="NITHIYAPRASAD" failures="0" tests="2" name="PageRunner.LoginRunner" time="25.398" errors="0" timestamp="2023-10-03T15:55:20 IST" skipped="0">
  <testcase classname="PageRunner.LoginRunner" name="loginPage" time="16.089"/>
  <testcase classname="PageRunner.LoginRunner" name="validLoginDetails" time="9.309"/>
</testsuite> <!-- PageRunner.LoginRunner -->
